{"sessionId":"657474","runId":"pre-fix","hypothesisId":"H1","location":"ScanController::ingest:entry","message":"ingest request accepted","data":{"scan_id":"scan_1777238735217_10_0","action":"receive","queue_connection":"database"},"timestamp":1777238735759}
{"sessionId":"657474","runId":"pre-fix","hypothesisId":"H2","location":"ScanController::ingest:afterService","message":"service result generated","data":{"success":true,"status":201,"error_code":null},"timestamp":1777238735832}
{"sessionId":"657474","runId":"pre-fix","hypothesisId":"H3","location":"ScanController::ingest:beforeDispatch","message":"dispatching ProcessScanJob","data":{"stats_date":"2026-04-26"},"timestamp":1777238735833}
{"sessionId":"657474","runId":"pre-fix","hypothesisId":"H3","location":"ScanController::ingest:afterDispatch","message":"ProcessScanJob dispatched successfully","data":[],"timestamp":1777238735880}
{"sessionId":"657474","runId":"pre-fix","hypothesisId":"H1","location":"ScanController::ingest:entry","message":"ingest request accepted","data":{"scan_id":"scan_1777238735214_4_0","action":"receive","queue_connection":"database"},"timestamp":1777238736462}
{"sessionId":"657474","runId":"pre-fix","hypothesisId":"H2","location":"ScanController::ingest:afterService","message":"service result generated","data":{"success":true,"status":201,"error_code":null},"timestamp":1777238736524}
{"sessionId":"657474","runId":"pre-fix","hypothesisId":"H3","location":"ScanController::ingest:beforeDispatch","message":"dispatching ProcessScanJob","data":{"stats_date":"2026-04-26"},"timestamp":1777238736524}
{"sessionId":"657474","runId":"pre-fix","hypothesisId":"H3","location":"ScanController::ingest:afterDispatch","message":"ProcessScanJob dispatched successfully","data":[],"timestamp":1777238736566}
{"sessionId":"657474","runId":"pre-fix","hypothesisId":"H1","location":"ScanController::ingest:entry","message":"ingest request accepted","data":{"scan_id":"scan_1777238735199_1_0","action":"receive","queue_connection":"database"},"timestamp":1777238737038}
{"sessionId":"657474","runId":"pre-fix","hypothesisId":"H2","location":"ScanController::ingest:afterService","message":"service result generated","data":{"success":true,"status":201,"error_code":null},"timestamp":1777238737100}
{"sessionId":"657474","runId":"pre-fix","hypothesisId":"H3","location":"ScanController::ingest:beforeDispatch","message":"dispatching ProcessScanJob","data":{"stats_date":"2026-04-26"},"timestamp":1777238737100}
{"sessionId":"657474","runId":"pre-fix","hypothesisId":"H3","location":"ScanController::ingest:afterDispatch","message":"ProcessScanJob dispatched successfully","data":[],"timestamp":1777238737137}
{"sessionId":"657474","runId":"pre-fix","hypothesisId":"H1","location":"ScanController::ingest:entry","message":"ingest request accepted","data":{"scan_id":"scan_1777238735217_5_0","action":"receive","queue_connection":"database"},"timestamp":1777238737707}
{"sessionId":"657474","runId":"pre-fix","hypothesisId":"H2","location":"ScanController::ingest:afterService","message":"service result generated","data":{"success":true,"status":201,"error_code":null},"timestamp":1777238737795}
{"sessionId":"657474","runId":"pre-fix","hypothesisId":"H3","location":"ScanController::ingest:beforeDispatch","message":"dispatching ProcessScanJob","data":{"stats_date":"2026-04-26"},"timestamp":1777238737795}
{"sessionId":"657474","runId":"pre-fix","hypothesisId":"H3","location":"ScanController::ingest:afterDispatch","message":"ProcessScanJob dispatched successfully","data":[],"timestamp":1777238737836}
{"sessionId":"657474","runId":"pre-fix","hypothesisId":"H1","location":"ScanController::ingest:entry","message":"ingest request accepted","data":{"scan_id":"scan_1777238735214_2_0","action":"receive","queue_connection":"database"},"timestamp":1777238738432}
{"sessionId":"657474","runId":"pre-fix","hypothesisId":"H2","location":"ScanController::ingest:afterService","message":"service result generated","data":{"success":true,"status":201,"error_code":null},"timestamp":1777238738529}
{"sessionId":"657474","runId":"pre-fix","hypothesisId":"H3","location":"ScanController::ingest:beforeDispatch","message":"dispatching ProcessScanJob","data":{"stats_date":"2026-04-26"},"timestamp":1777238738529}
{"sessionId":"657474","runId":"pre-fix","hypothesisId":"H3","location":"ScanController::ingest:afterDispatch","message":"ProcessScanJob dispatched successfully","data":[],"timestamp":1777238738576}
{"sessionId":"657474","runId":"pre-fix","hypothesisId":"H1","location":"ScanController::ingest:entry","message":"ingest request accepted","data":{"scan_id":"scan_1777238735215_3_0","action":"receive","queue_connection":"database"},"timestamp":1777238739803}
{"sessionId":"657474","runId":"pre-fix","hypothesisId":"H2","location":"ScanController::ingest:afterService","message":"service result generated","data":{"success":true,"status":201,"error_code":null},"timestamp":1777238739890}
{"sessionId":"657474","runId":"pre-fix","hypothesisId":"H3","location":"ScanController::ingest:beforeDispatch","message":"dispatching ProcessScanJob","data":{"stats_date":"2026-04-26"},"timestamp":1777238739891}
{"sessionId":"657474","runId":"pre-fix","hypothesisId":"H3","location":"ScanController::ingest:afterDispatch","message":"ProcessScanJob dispatched successfully","data":[],"timestamp":1777238739939}
{"sessionId":"657474","runId":"pre-fix","hypothesisId":"H1","location":"ScanController::ingest:entry","message":"ingest request accepted","data":{"scan_id":"scan_1777238735217_6_0","action":"receive","queue_connection":"database"},"timestamp":1777238740492}
{"sessionId":"657474","runId":"pre-fix","hypothesisId":"H2","location":"ScanController::ingest:afterService","message":"service result generated","data":{"success":true,"status":201,"error_code":null},"timestamp":1777238740570}
{"sessionId":"657474","runId":"pre-fix","hypothesisId":"H3","location":"ScanController::ingest:beforeDispatch","message":"dispatching ProcessScanJob","data":{"stats_date":"2026-04-26"},"timestamp":1777238740570}
{"sessionId":"657474","runId":"pre-fix","hypothesisId":"H3","location":"ScanController::ingest:afterDispatch","message":"ProcessScanJob dispatched successfully","data":[],"timestamp":1777238740611}
{"sessionId":"657474","runId":"pre-fix","hypothesisId":"H1","location":"ScanController::ingest:entry","message":"ingest request accepted","data":{"scan_id":"scan_1777238735217_8_0","action":"receive","queue_connection":"database"},"timestamp":1777238741059}
{"sessionId":"657474","runId":"pre-fix","hypothesisId":"H2","location":"ScanController::ingest:afterService","message":"service result generated","data":{"success":true,"status":201,"error_code":null},"timestamp":1777238741152}
{"sessionId":"657474","runId":"pre-fix","hypothesisId":"H3","location":"ScanController::ingest:beforeDispatch","message":"dispatching ProcessScanJob","data":{"stats_date":"2026-04-26"},"timestamp":1777238741152}
{"sessionId":"657474","runId":"pre-fix","hypothesisId":"H3","location":"ScanController::ingest:afterDispatch","message":"ProcessScanJob dispatched successfully","data":[],"timestamp":1777238741194}
{"sessionId":"657474","runId":"pre-fix","hypothesisId":"H1","location":"ScanController::ingest:entry","message":"ingest request accepted","data":{"scan_id":"scan_1777238735217_9_0","action":"receive","queue_connection":"database"},"timestamp":1777238741765}
{"sessionId":"657474","runId":"pre-fix","hypothesisId":"H2","location":"ScanController::ingest:afterService","message":"service result generated","data":{"success":true,"status":201,"error_code":null},"timestamp":1777238741845}
{"sessionId":"657474","runId":"pre-fix","hypothesisId":"H3","location":"ScanController::ingest:beforeDispatch","message":"dispatching ProcessScanJob","data":{"stats_date":"2026-04-26"},"timestamp":1777238741846}
{"sessionId":"657474","runId":"pre-fix","hypothesisId":"H3","location":"ScanController::ingest:afterDispatch","message":"ProcessScanJob dispatched successfully","data":[],"timestamp":1777238741883}
{"sessionId":"657474","runId":"pre-fix","hypothesisId":"H1","location":"ScanController::ingest:entry","message":"ingest request accepted","data":{"scan_id":"scan_1777238735217_7_0","action":"receive","queue_connection":"database"},"timestamp":1777238742374}
{"sessionId":"657474","runId":"pre-fix","hypothesisId":"H2","location":"ScanController::ingest:afterService","message":"service result generated","data":{"success":true,"status":201,"error_code":null},"timestamp":1777238742421}
{"sessionId":"657474","runId":"pre-fix","hypothesisId":"H3","location":"ScanController::ingest:beforeDispatch","message":"dispatching ProcessScanJob","data":{"stats_date":"2026-04-26"},"timestamp":1777238742422}
{"sessionId":"657474","runId":"pre-fix","hypothesisId":"H3","location":"ScanController::ingest:afterDispatch","message":"ProcessScanJob dispatched successfully","data":[],"timestamp":1777238742459}
{"sessionId":"657474","runId":"pre-fix","hypothesisId":"H1","location":"ScanController::ingest:entry","message":"ingest request accepted","data":{"scan_id":"scan_1777238735217_10_1","action":"receive","queue_connection":"database"},"timestamp":1777238742984}
{"sessionId":"657474","runId":"pre-fix","hypothesisId":"H2","location":"ScanController::ingest:afterService","message":"service result generated","data":{"success":true,"status":201,"error_code":null},"timestamp":1777238743061}
{"sessionId":"657474","runId":"pre-fix","hypothesisId":"H3","location":"ScanController::ingest:beforeDispatch","message":"dispatching ProcessScanJob","data":{"stats_date":"2026-04-26"},"timestamp":1777238743061}
{"sessionId":"657474","runId":"pre-fix","hypothesisId":"H3","location":"ScanController::ingest:afterDispatch","message":"ProcessScanJob dispatched successfully","data":[],"timestamp":1777238743095}
{"sessionId":"657474","runId":"pre-fix","hypothesisId":"H1","location":"ScanController::ingest:entry","message":"ingest request accepted","data":{"scan_id":"scan_1777238735214_4_1","action":"receive","queue_connection":"database"},"timestamp":1777238743539}
{"sessionId":"657474","runId":"pre-fix","hypothesisId":"H2","location":"ScanController::ingest:afterService","message":"service result generated","data":{"success":true,"status":201,"error_code":null},"timestamp":1777238743638}
{"sessionId":"657474","runId":"pre-fix","hypothesisId":"H3","location":"ScanController::ingest:beforeDispatch","message":"dispatching ProcessScanJob","data":{"stats_date":"2026-04-26"},"timestamp":1777238743638}
{"sessionId":"657474","runId":"pre-fix","hypothesisId":"H3","location":"ScanController::ingest:afterDispatch","message":"ProcessScanJob dispatched successfully","data":[],"timestamp":1777238743689}
{"sessionId":"657474","runId":"pre-fix","hypothesisId":"H1","location":"ScanController::ingest:entry","message":"ingest request accepted","data":{"scan_id":"scan_1777238735199_1_1","action":"receive","queue_connection":"database"},"timestamp":1777238744159}
{"sessionId":"657474","runId":"pre-fix","hypothesisId":"H2","location":"ScanController::ingest:afterService","message":"service result generated","data":{"success":true,"status":201,"error_code":null},"timestamp":1777238744249}
{"sessionId":"657474","runId":"pre-fix","hypothesisId":"H3","location":"ScanController::ingest:beforeDispatch","message":"dispatching ProcessScanJob","data":{"stats_date":"2026-04-26"},"timestamp":1777238744249}
{"sessionId":"657474","runId":"pre-fix","hypothesisId":"H3","location":"ScanController::ingest:afterDispatch","message":"ProcessScanJob dispatched successfully","data":[],"timestamp":1777238744288}
{"sessionId":"657474","runId":"pre-fix","hypothesisId":"H1","location":"ScanController::ingest:entry","message":"ingest request accepted","data":{"scan_id":"scan_1777238735217_5_1","action":"receive","queue_connection":"database"},"timestamp":1777238744768}
{"sessionId":"657474","runId":"pre-fix","hypothesisId":"H2","location":"ScanController::ingest:afterService","message":"service result generated","data":{"success":true,"status":201,"error_code":null},"timestamp":1777238744824}
{"sessionId":"657474","runId":"pre-fix","hypothesisId":"H3","location":"ScanController::ingest:beforeDispatch","message":"dispatching ProcessScanJob","data":{"stats_date":"2026-04-26"},"timestamp":1777238744824}
{"sessionId":"657474","runId":"pre-fix","hypothesisId":"H3","location":"ScanController::ingest:afterDispatch","message":"ProcessScanJob dispatched successfully","data":[],"timestamp":1777238744858}
{"sessionId":"657474","runId":"pre-fix","hypothesisId":"H1","location":"ScanController::ingest:entry","message":"ingest request accepted","data":{"scan_id":"scan_1777238735214_2_1","action":"receive","queue_connection":"database"},"timestamp":1777238745341}
{"sessionId":"657474","runId":"pre-fix","hypothesisId":"H2","location":"ScanController::ingest:afterService","message":"service result generated","data":{"success":true,"status":201,"error_code":null},"timestamp":1777238745423}
{"sessionId":"657474","runId":"pre-fix","hypothesisId":"H3","location":"ScanController::ingest:beforeDispatch","message":"dispatching ProcessScanJob","data":{"stats_date":"2026-04-26"},"timestamp":1777238745423}
{"sessionId":"657474","runId":"pre-fix","hypothesisId":"H3","location":"ScanController::ingest:afterDispatch","message":"ProcessScanJob dispatched successfully","data":[],"timestamp":1777238745473}
{"sessionId":"657474","runId":"pre-fix","hypothesisId":"H1","location":"ScanController::ingest:entry","message":"ingest request accepted","data":{"scan_id":"scan_1777238735215_3_1","action":"receive","queue_connection":"database"},"timestamp":1777238746016}
{"sessionId":"657474","runId":"pre-fix","hypothesisId":"H2","location":"ScanController::ingest:afterService","message":"service result generated","data":{"success":true,"status":201,"error_code":null},"timestamp":1777238746081}
{"sessionId":"657474","runId":"pre-fix","hypothesisId":"H3","location":"ScanController::ingest:beforeDispatch","message":"dispatching ProcessScanJob","data":{"stats_date":"2026-04-26"},"timestamp":1777238746081}
{"sessionId":"657474","runId":"pre-fix","hypothesisId":"H3","location":"ScanController::ingest:afterDispatch","message":"ProcessScanJob dispatched successfully","data":[],"timestamp":1777238746126}
{"sessionId":"657474","runId":"pre-fix","hypothesisId":"H1","location":"ScanController::ingest:entry","message":"ingest request accepted","data":{"scan_id":"scan_1777238735217_6_1","action":"receive","queue_connection":"database"},"timestamp":1777238746794}
{"sessionId":"657474","runId":"pre-fix","hypothesisId":"H2","location":"ScanController::ingest:afterService","message":"service result generated","data":{"success":true,"status":201,"error_code":null},"timestamp":1777238746859}
{"sessionId":"657474","runId":"pre-fix","hypothesisId":"H3","location":"ScanController::ingest:beforeDispatch","message":"dispatching ProcessScanJob","data":{"stats_date":"2026-04-26"},"timestamp":1777238746859}
{"sessionId":"657474","runId":"pre-fix","hypothesisId":"H3","location":"ScanController::ingest:afterDispatch","message":"ProcessScanJob dispatched successfully","data":[],"timestamp":1777238746900}
{"sessionId":"657474","runId":"pre-fix","hypothesisId":"H1","location":"ScanController::ingest:entry","message":"ingest request accepted","data":{"scan_id":"scan_1777238735217_8_1","action":"receive","queue_connection":"database"},"timestamp":1777238747432}
{"sessionId":"657474","runId":"pre-fix","hypothesisId":"H2","location":"ScanController::ingest:afterService","message":"service result generated","data":{"success":true,"status":201,"error_code":null},"timestamp":1777238747510}
{"sessionId":"657474","runId":"pre-fix","hypothesisId":"H3","location":"ScanController::ingest:beforeDispatch","message":"dispatching ProcessScanJob","data":{"stats_date":"2026-04-26"},"timestamp":1777238747510}
{"sessionId":"657474","runId":"pre-fix","hypothesisId":"H3","location":"ScanController::ingest:afterDispatch","message":"ProcessScanJob dispatched successfully","data":[],"timestamp":1777238747552}
{"sessionId":"657474","runId":"pre-fix","hypothesisId":"H1","location":"ScanController::ingest:entry","message":"ingest request accepted","data":{"scan_id":"scan_1777238735217_9_1","action":"receive","queue_connection":"database"},"timestamp":1777238748054}
{"sessionId":"657474","runId":"pre-fix","hypothesisId":"H2","location":"ScanController::ingest:afterService","message":"service result generated","data":{"success":true,"status":201,"error_code":null},"timestamp":1777238748152}
{"sessionId":"657474","runId":"pre-fix","hypothesisId":"H3","location":"ScanController::ingest:beforeDispatch","message":"dispatching ProcessScanJob","data":{"stats_date":"2026-04-26"},"timestamp":1777238748152}
{"sessionId":"657474","runId":"pre-fix","hypothesisId":"H3","location":"ScanController::ingest:afterDispatch","message":"ProcessScanJob dispatched successfully","data":[],"timestamp":1777238748195}
{"sessionId":"657474","runId":"pre-fix","hypothesisId":"H1","location":"ScanController::ingest:entry","message":"ingest request accepted","data":{"scan_id":"scan_1777238735217_7_1","action":"receive","queue_connection":"database"},"timestamp":1777238748669}
{"sessionId":"657474","runId":"pre-fix","hypothesisId":"H2","location":"ScanController::ingest:afterService","message":"service result generated","data":{"success":true,"status":201,"error_code":null},"timestamp":1777238748723}
{"sessionId":"657474","runId":"pre-fix","hypothesisId":"H3","location":"ScanController::ingest:beforeDispatch","message":"dispatching ProcessScanJob","data":{"stats_date":"2026-04-26"},"timestamp":1777238748724}
{"sessionId":"657474","runId":"pre-fix","hypothesisId":"H3","location":"ScanController::ingest:afterDispatch","message":"ProcessScanJob dispatched successfully","data":[],"timestamp":1777238748761}
{"sessionId":"657474","runId":"pre-fix","hypothesisId":"H1","location":"ScanController::ingest:entry","message":"ingest request accepted","data":{"scan_id":"scan_1777238735217_10_2","action":"receive","queue_connection":"database"},"timestamp":1777238749291}
{"sessionId":"657474","runId":"pre-fix","hypothesisId":"H2","location":"ScanController::ingest:afterService","message":"service result generated","data":{"success":true,"status":201,"error_code":null},"timestamp":1777238749371}
{"sessionId":"657474","runId":"pre-fix","hypothesisId":"H3","location":"ScanController::ingest:beforeDispatch","message":"dispatching ProcessScanJob","data":{"stats_date":"2026-04-26"},"timestamp":1777238749372}
{"sessionId":"657474","runId":"pre-fix","hypothesisId":"H3","location":"ScanController::ingest:afterDispatch","message":"ProcessScanJob dispatched successfully","data":[],"timestamp":1777238749420}
{"sessionId":"657474","runId":"pre-fix","hypothesisId":"H1","location":"ScanController::ingest:entry","message":"ingest request accepted","data":{"scan_id":"scan_1777238735214_4_2","action":"receive","queue_connection":"database"},"timestamp":1777238749991}
{"sessionId":"657474","runId":"pre-fix","hypothesisId":"H2","location":"ScanController::ingest:afterService","message":"service result generated","data":{"success":true,"status":201,"error_code":null},"timestamp":1777238750053}
{"sessionId":"657474","runId":"pre-fix","hypothesisId":"H3","location":"ScanController::ingest:beforeDispatch","message":"dispatching ProcessScanJob","data":{"stats_date":"2026-04-26"},"timestamp":1777238750053}
{"sessionId":"657474","runId":"pre-fix","hypothesisId":"H3","location":"ScanController::ingest:afterDispatch","message":"ProcessScanJob dispatched successfully","data":[],"timestamp":1777238750092}
{"sessionId":"657474","runId":"pre-fix","hypothesisId":"H1","location":"ScanController::ingest:entry","message":"ingest request accepted","data":{"scan_id":"scan_1777238735199_1_2","action":"receive","queue_connection":"database"},"timestamp":1777238750632}
{"sessionId":"657474","runId":"pre-fix","hypothesisId":"H2","location":"ScanController::ingest:afterService","message":"service result generated","data":{"success":true,"status":201,"error_code":null},"timestamp":1777238750711}
{"sessionId":"657474","runId":"pre-fix","hypothesisId":"H3","location":"ScanController::ingest:beforeDispatch","message":"dispatching ProcessScanJob","data":{"stats_date":"2026-04-26"},"timestamp":1777238750711}
{"sessionId":"657474","runId":"pre-fix","hypothesisId":"H3","location":"ScanController::ingest:afterDispatch","message":"ProcessScanJob dispatched successfully","data":[],"timestamp":1777238750754}
{"sessionId":"657474","runId":"pre-fix","hypothesisId":"H1","location":"ScanController::ingest:entry","message":"ingest request accepted","data":{"scan_id":"scan_1777238735217_5_2","action":"receive","queue_connection":"database"},"timestamp":1777238751335}
{"sessionId":"657474","runId":"pre-fix","hypothesisId":"H2","location":"ScanController::ingest:afterService","message":"service result generated","data":{"success":true,"status":201,"error_code":null},"timestamp":1777238751423}
{"sessionId":"657474","runId":"pre-fix","hypothesisId":"H3","location":"ScanController::ingest:beforeDispatch","message":"dispatching ProcessScanJob","data":{"stats_date":"2026-04-26"},"timestamp":1777238751423}
{"sessionId":"657474","runId":"pre-fix","hypothesisId":"H3","location":"ScanController::ingest:afterDispatch","message":"ProcessScanJob dispatched successfully","data":[],"timestamp":1777238751470}
{"sessionId":"657474","runId":"pre-fix","hypothesisId":"H1","location":"ScanController::ingest:entry","message":"ingest request accepted","data":{"scan_id":"scan_1777238735214_2_2","action":"receive","queue_connection":"database"},"timestamp":1777238751981}
{"sessionId":"657474","runId":"pre-fix","hypothesisId":"H2","location":"ScanController::ingest:afterService","message":"service result generated","data":{"success":true,"status":201,"error_code":null},"timestamp":1777238752053}
{"sessionId":"657474","runId":"pre-fix","hypothesisId":"H3","location":"ScanController::ingest:beforeDispatch","message":"dispatching ProcessScanJob","data":{"stats_date":"2026-04-26"},"timestamp":1777238752053}
{"sessionId":"657474","runId":"pre-fix","hypothesisId":"H3","location":"ScanController::ingest:afterDispatch","message":"ProcessScanJob dispatched successfully","data":[],"timestamp":1777238752093}
{"sessionId":"657474","runId":"pre-fix","hypothesisId":"H1","location":"ScanController::ingest:entry","message":"ingest request accepted","data":{"scan_id":"scan_1777238735215_3_2","action":"receive","queue_connection":"database"},"timestamp":1777238752629}
{"sessionId":"657474","runId":"pre-fix","hypothesisId":"H2","location":"ScanController::ingest:afterService","message":"service result generated","data":{"success":true,"status":201,"error_code":null},"timestamp":1777238752752}
{"sessionId":"657474","runId":"pre-fix","hypothesisId":"H3","location":"ScanController::ingest:beforeDispatch","message":"dispatching ProcessScanJob","data":{"stats_date":"2026-04-26"},"timestamp":1777238752752}
{"sessionId":"657474","runId":"pre-fix","hypothesisId":"H3","location":"ScanController::ingest:afterDispatch","message":"ProcessScanJob dispatched successfully","data":[],"timestamp":1777238752801}
{"sessionId":"657474","runId":"pre-fix","hypothesisId":"H1","location":"ScanController::ingest:entry","message":"ingest request accepted","data":{"scan_id":"scan_1777238735217_6_2","action":"receive","queue_connection":"database"},"timestamp":1777238753301}
{"sessionId":"657474","runId":"pre-fix","hypothesisId":"H2","location":"ScanController::ingest:afterService","message":"service result generated","data":{"success":true,"status":201,"error_code":null},"timestamp":1777238753375}
{"sessionId":"657474","runId":"pre-fix","hypothesisId":"H3","location":"ScanController::ingest:beforeDispatch","message":"dispatching ProcessScanJob","data":{"stats_date":"2026-04-26"},"timestamp":1777238753375}
{"sessionId":"657474","runId":"pre-fix","hypothesisId":"H3","location":"ScanController::ingest:afterDispatch","message":"ProcessScanJob dispatched successfully","data":[],"timestamp":1777238753420}
{"sessionId":"657474","runId":"pre-fix","hypothesisId":"H1","location":"ScanController::ingest:entry","message":"ingest request accepted","data":{"scan_id":"scan_1777238735217_8_2","action":"receive","queue_connection":"database"},"timestamp":1777238753862}
{"sessionId":"657474","runId":"pre-fix","hypothesisId":"H2","location":"ScanController::ingest:afterService","message":"service result generated","data":{"success":true,"status":201,"error_code":null},"timestamp":1777238753932}
{"sessionId":"657474","runId":"pre-fix","hypothesisId":"H3","location":"ScanController::ingest:beforeDispatch","message":"dispatching ProcessScanJob","data":{"stats_date":"2026-04-26"},"timestamp":1777238753933}
{"sessionId":"657474","runId":"pre-fix","hypothesisId":"H3","location":"ScanController::ingest:afterDispatch","message":"ProcessScanJob dispatched successfully","data":[],"timestamp":1777238753972}
{"sessionId":"657474","runId":"pre-fix","hypothesisId":"H1","location":"ScanController::ingest:entry","message":"ingest request accepted","data":{"scan_id":"scan_1777238735217_9_2","action":"receive","queue_connection":"database"},"timestamp":1777238754496}
{"sessionId":"657474","runId":"pre-fix","hypothesisId":"H2","location":"ScanController::ingest:afterService","message":"service result generated","data":{"success":true,"status":201,"error_code":null},"timestamp":1777238754589}
{"sessionId":"657474","runId":"pre-fix","hypothesisId":"H3","location":"ScanController::ingest:beforeDispatch","message":"dispatching ProcessScanJob","data":{"stats_date":"2026-04-26"},"timestamp":1777238754589}
{"sessionId":"657474","runId":"pre-fix","hypothesisId":"H3","location":"ScanController::ingest:afterDispatch","message":"ProcessScanJob dispatched successfully","data":[],"timestamp":1777238754632}
{"sessionId":"657474","runId":"pre-fix","hypothesisId":"H1","location":"ScanController::ingest:entry","message":"ingest request accepted","data":{"scan_id":"scan_1777238735217_7_2","action":"receive","queue_connection":"database"},"timestamp":1777238755379}
{"sessionId":"657474","runId":"pre-fix","hypothesisId":"H2","location":"ScanController::ingest:afterService","message":"service result generated","data":{"success":true,"status":201,"error_code":null},"timestamp":1777238755493}
{"sessionId":"657474","runId":"pre-fix","hypothesisId":"H3","location":"ScanController::ingest:beforeDispatch","message":"dispatching ProcessScanJob","data":{"stats_date":"2026-04-26"},"timestamp":1777238755493}
{"sessionId":"657474","runId":"pre-fix","hypothesisId":"H3","location":"ScanController::ingest:afterDispatch","message":"ProcessScanJob dispatched successfully","data":[],"timestamp":1777238755539}
{"sessionId":"657474","runId":"pre-fix","hypothesisId":"H1","location":"ScanController::ingest:entry","message":"ingest request accepted","data":{"scan_id":"scan_1777238735217_10_3","action":"receive","queue_connection":"database"},"timestamp":1777238756222}
{"sessionId":"657474","runId":"pre-fix","hypothesisId":"H2","location":"ScanController::ingest:afterService","message":"service result generated","data":{"success":true,"status":201,"error_code":null},"timestamp":1777238756368}
{"sessionId":"657474","runId":"pre-fix","hypothesisId":"H3","location":"ScanController::ingest:beforeDispatch","message":"dispatching ProcessScanJob","data":{"stats_date":"2026-04-26"},"timestamp":1777238756368}
{"sessionId":"657474","runId":"pre-fix","hypothesisId":"H3","location":"ScanController::ingest:afterDispatch","message":"ProcessScanJob dispatched successfully","data":[],"timestamp":1777238756423}
{"sessionId":"657474","runId":"pre-fix","hypothesisId":"H1","location":"ScanController::ingest:entry","message":"ingest request accepted","data":{"scan_id":"scan_1777238735214_4_3","action":"receive","queue_connection":"database"},"timestamp":1777238757325}
{"sessionId":"657474","runId":"pre-fix","hypothesisId":"H2","location":"ScanController::ingest:afterService","message":"service result generated","data":{"success":true,"status":201,"error_code":null},"timestamp":1777238757455}
{"sessionId":"657474","runId":"pre-fix","hypothesisId":"H3","location":"ScanController::ingest:beforeDispatch","message":"dispatching ProcessScanJob","data":{"stats_date":"2026-04-26"},"timestamp":1777238757455}
{"sessionId":"657474","runId":"pre-fix","hypothesisId":"H3","location":"ScanController::ingest:afterDispatch","message":"ProcessScanJob dispatched successfully","data":[],"timestamp":1777238757505}
{"sessionId":"657474","runId":"pre-fix","hypothesisId":"H1","location":"ScanController::ingest:entry","message":"ingest request accepted","data":{"scan_id":"scan_1777238735199_1_3","action":"receive","queue_connection":"database"},"timestamp":1777238758104}
{"sessionId":"657474","runId":"pre-fix","hypothesisId":"H2","location":"ScanController::ingest:afterService","message":"service result generated","data":{"success":true,"status":201,"error_code":null},"timestamp":1777238758158}
{"sessionId":"657474","runId":"pre-fix","hypothesisId":"H3","location":"ScanController::ingest:beforeDispatch","message":"dispatching ProcessScanJob","data":{"stats_date":"2026-04-26"},"timestamp":1777238758158}
{"sessionId":"657474","runId":"pre-fix","hypothesisId":"H3","location":"ScanController::ingest:afterDispatch","message":"ProcessScanJob dispatched successfully","data":[],"timestamp":1777238758198}
{"sessionId":"657474","runId":"pre-fix","hypothesisId":"H1","location":"ScanController::ingest:entry","message":"ingest request accepted","data":{"scan_id":"scan_1777238735217_5_3","action":"receive","queue_connection":"database"},"timestamp":1777238758648}
{"sessionId":"657474","runId":"pre-fix","hypothesisId":"H2","location":"ScanController::ingest:afterService","message":"service result generated","data":{"success":true,"status":201,"error_code":null},"timestamp":1777238758709}
{"sessionId":"657474","runId":"pre-fix","hypothesisId":"H3","location":"ScanController::ingest:beforeDispatch","message":"dispatching ProcessScanJob","data":{"stats_date":"2026-04-26"},"timestamp":1777238758709}
{"sessionId":"657474","runId":"pre-fix","hypothesisId":"H3","location":"ScanController::ingest:afterDispatch","message":"ProcessScanJob dispatched successfully","data":[],"timestamp":1777238758749}
{"sessionId":"657474","runId":"pre-fix","hypothesisId":"H1","location":"ScanController::ingest:entry","message":"ingest request accepted","data":{"scan_id":"scan_1777238735214_2_3","action":"receive","queue_connection":"database"},"timestamp":1777238759308}
{"sessionId":"657474","runId":"pre-fix","hypothesisId":"H2","location":"ScanController::ingest:afterService","message":"service result generated","data":{"success":true,"status":201,"error_code":null},"timestamp":1777238759367}
{"sessionId":"657474","runId":"pre-fix","hypothesisId":"H3","location":"ScanController::ingest:beforeDispatch","message":"dispatching ProcessScanJob","data":{"stats_date":"2026-04-26"},"timestamp":1777238759367}
{"sessionId":"657474","runId":"pre-fix","hypothesisId":"H3","location":"ScanController::ingest:afterDispatch","message":"ProcessScanJob dispatched successfully","data":[],"timestamp":1777238759406}
{"sessionId":"657474","runId":"pre-fix","hypothesisId":"H1","location":"ScanController::ingest:entry","message":"ingest request accepted","data":{"scan_id":"scan_1777238735215_3_3","action":"receive","queue_connection":"database"},"timestamp":1777238759837}
{"sessionId":"657474","runId":"pre-fix","hypothesisId":"H2","location":"ScanController::ingest:afterService","message":"service result generated","data":{"success":true,"status":201,"error_code":null},"timestamp":1777238759895}
{"sessionId":"657474","runId":"pre-fix","hypothesisId":"H3","location":"ScanController::ingest:beforeDispatch","message":"dispatching ProcessScanJob","data":{"stats_date":"2026-04-26"},"timestamp":1777238759895}
{"sessionId":"657474","runId":"pre-fix","hypothesisId":"H3","location":"ScanController::ingest:afterDispatch","message":"ProcessScanJob dispatched successfully","data":[],"timestamp":1777238759930}
{"sessionId":"657474","runId":"pre-fix","hypothesisId":"H1","location":"ScanController::ingest:entry","message":"ingest request accepted","data":{"scan_id":"scan_1777238735217_6_3","action":"receive","queue_connection":"database"},"timestamp":1777238760392}
{"sessionId":"657474","runId":"pre-fix","hypothesisId":"H2","location":"ScanController::ingest:afterService","message":"service result generated","data":{"success":true,"status":201,"error_code":null},"timestamp":1777238760449}
{"sessionId":"657474","runId":"pre-fix","hypothesisId":"H3","location":"ScanController::ingest:beforeDispatch","message":"dispatching ProcessScanJob","data":{"stats_date":"2026-04-26"},"timestamp":1777238760449}
{"sessionId":"657474","runId":"pre-fix","hypothesisId":"H3","location":"ScanController::ingest:afterDispatch","message":"ProcessScanJob dispatched successfully","data":[],"timestamp":1777238760486}
{"sessionId":"657474","runId":"pre-fix","hypothesisId":"H1","location":"ScanController::ingest:entry","message":"ingest request accepted","data":{"scan_id":"scan_1777238735217_8_3","action":"receive","queue_connection":"database"},"timestamp":1777238760959}
{"sessionId":"657474","runId":"pre-fix","hypothesisId":"H2","location":"ScanController::ingest:afterService","message":"service result generated","data":{"success":true,"status":201,"error_code":null},"timestamp":1777238761031}
{"sessionId":"657474","runId":"pre-fix","hypothesisId":"H3","location":"ScanController::ingest:beforeDispatch","message":"dispatching ProcessScanJob","data":{"stats_date":"2026-04-26"},"timestamp":1777238761032}
{"sessionId":"657474","runId":"pre-fix","hypothesisId":"H3","location":"ScanController::ingest:afterDispatch","message":"ProcessScanJob dispatched successfully","data":[],"timestamp":1777238761072}
{"sessionId":"657474","runId":"pre-fix","hypothesisId":"H1","location":"ScanController::ingest:entry","message":"ingest request accepted","data":{"scan_id":"scan_1777238735217_9_3","action":"receive","queue_connection":"database"},"timestamp":1777238761534}
{"sessionId":"657474","runId":"pre-fix","hypothesisId":"H2","location":"ScanController::ingest:afterService","message":"service result generated","data":{"success":true,"status":201,"error_code":null},"timestamp":1777238761606}
{"sessionId":"657474","runId":"pre-fix","hypothesisId":"H3","location":"ScanController::ingest:beforeDispatch","message":"dispatching ProcessScanJob","data":{"stats_date":"2026-04-26"},"timestamp":1777238761607}
{"sessionId":"657474","runId":"pre-fix","hypothesisId":"H3","location":"ScanController::ingest:afterDispatch","message":"ProcessScanJob dispatched successfully","data":[],"timestamp":1777238761647}
{"sessionId":"657474","runId":"pre-fix","hypothesisId":"H1","location":"ScanController::ingest:entry","message":"ingest request accepted","data":{"scan_id":"scan_1777238735217_7_3","action":"receive","queue_connection":"database"},"timestamp":1777238762274}
{"sessionId":"657474","runId":"pre-fix","hypothesisId":"H2","location":"ScanController::ingest:afterService","message":"service result generated","data":{"success":true,"status":201,"error_code":null},"timestamp":1777238762389}
{"sessionId":"657474","runId":"pre-fix","hypothesisId":"H3","location":"ScanController::ingest:beforeDispatch","message":"dispatching ProcessScanJob","data":{"stats_date":"2026-04-26"},"timestamp":1777238762390}
{"sessionId":"657474","runId":"pre-fix","hypothesisId":"H3","location":"ScanController::ingest:afterDispatch","message":"ProcessScanJob dispatched successfully","data":[],"timestamp":1777238762439}
{"sessionId":"657474","runId":"pre-fix","hypothesisId":"H1","location":"ScanController::ingest:entry","message":"ingest request accepted","data":{"scan_id":"scan_1777238735217_10_4","action":"receive","queue_connection":"database"},"timestamp":1777238762910}
{"sessionId":"657474","runId":"pre-fix","hypothesisId":"H2","location":"ScanController::ingest:afterService","message":"service result generated","data":{"success":true,"status":201,"error_code":null},"timestamp":1777238762968}
{"sessionId":"657474","runId":"pre-fix","hypothesisId":"H3","location":"ScanController::ingest:beforeDispatch","message":"dispatching ProcessScanJob","data":{"stats_date":"2026-04-26"},"timestamp":1777238762968}
{"sessionId":"657474","runId":"pre-fix","hypothesisId":"H3","location":"ScanController::ingest:afterDispatch","message":"ProcessScanJob dispatched successfully","data":[],"timestamp":1777238763008}
{"sessionId":"657474","runId":"pre-fix","hypothesisId":"H1","location":"ScanController::ingest:entry","message":"ingest request accepted","data":{"scan_id":"scan_1777238735214_4_4","action":"receive","queue_connection":"database"},"timestamp":1777238763440}
{"sessionId":"657474","runId":"pre-fix","hypothesisId":"H2","location":"ScanController::ingest:afterService","message":"service result generated","data":{"success":true,"status":201,"error_code":null},"timestamp":1777238763499}
{"sessionId":"657474","runId":"pre-fix","hypothesisId":"H3","location":"ScanController::ingest:beforeDispatch","message":"dispatching ProcessScanJob","data":{"stats_date":"2026-04-26"},"timestamp":1777238763500}
{"sessionId":"657474","runId":"pre-fix","hypothesisId":"H3","location":"ScanController::ingest:afterDispatch","message":"ProcessScanJob dispatched successfully","data":[],"timestamp":1777238763535}
{"sessionId":"657474","runId":"pre-fix","hypothesisId":"H1","location":"ScanController::ingest:entry","message":"ingest request accepted","data":{"scan_id":"scan_1777238735199_1_4","action":"receive","queue_connection":"database"},"timestamp":1777238764032}
{"sessionId":"657474","runId":"pre-fix","hypothesisId":"H2","location":"ScanController::ingest:afterService","message":"service result generated","data":{"success":true,"status":201,"error_code":null},"timestamp":1777238764104}
{"sessionId":"657474","runId":"pre-fix","hypothesisId":"H3","location":"ScanController::ingest:beforeDispatch","message":"dispatching ProcessScanJob","data":{"stats_date":"2026-04-26"},"timestamp":1777238764105}
{"sessionId":"657474","runId":"pre-fix","hypothesisId":"H3","location":"ScanController::ingest:afterDispatch","message":"ProcessScanJob dispatched successfully","data":[],"timestamp":1777238764156}
{"sessionId":"657474","runId":"pre-fix","hypothesisId":"H1","location":"ScanController::ingest:entry","message":"ingest request accepted","data":{"scan_id":"scan_1777238735217_5_4","action":"receive","queue_connection":"database"},"timestamp":1777238764707}
{"sessionId":"657474","runId":"pre-fix","hypothesisId":"H2","location":"ScanController::ingest:afterService","message":"service result generated","data":{"success":true,"status":201,"error_code":null},"timestamp":1777238764788}
{"sessionId":"657474","runId":"pre-fix","hypothesisId":"H3","location":"ScanController::ingest:beforeDispatch","message":"dispatching ProcessScanJob","data":{"stats_date":"2026-04-26"},"timestamp":1777238764788}
{"sessionId":"657474","runId":"pre-fix","hypothesisId":"H3","location":"ScanController::ingest:afterDispatch","message":"ProcessScanJob dispatched successfully","data":[],"timestamp":1777238764834}
{"sessionId":"657474","runId":"pre-fix","hypothesisId":"H1","location":"ScanController::ingest:entry","message":"ingest request accepted","data":{"scan_id":"scan_1777238735214_2_4","action":"receive","queue_connection":"database"},"timestamp":1777238765382}
{"sessionId":"657474","runId":"pre-fix","hypothesisId":"H2","location":"ScanController::ingest:afterService","message":"service result generated","data":{"success":true,"status":201,"error_code":null},"timestamp":1777238765539}
{"sessionId":"657474","runId":"pre-fix","hypothesisId":"H3","location":"ScanController::ingest:beforeDispatch","message":"dispatching ProcessScanJob","data":{"stats_date":"2026-04-26"},"timestamp":1777238765540}
{"sessionId":"657474","runId":"pre-fix","hypothesisId":"H3","location":"ScanController::ingest:afterDispatch","message":"ProcessScanJob dispatched successfully","data":[],"timestamp":1777238765594}
{"sessionId":"657474","runId":"pre-fix","hypothesisId":"H1","location":"ScanController::ingest:entry","message":"ingest request accepted","data":{"scan_id":"scan_1777238735215_3_4","action":"receive","queue_connection":"database"},"timestamp":1777238766336}
{"sessionId":"657474","runId":"pre-fix","hypothesisId":"H2","location":"ScanController::ingest:afterService","message":"service result generated","data":{"success":true,"status":201,"error_code":null},"timestamp":1777238766402}
{"sessionId":"657474","runId":"pre-fix","hypothesisId":"H3","location":"ScanController::ingest:beforeDispatch","message":"dispatching ProcessScanJob","data":{"stats_date":"2026-04-26"},"timestamp":1777238766402}
{"sessionId":"657474","runId":"pre-fix","hypothesisId":"H3","location":"ScanController::ingest:afterDispatch","message":"ProcessScanJob dispatched successfully","data":[],"timestamp":1777238766444}
{"sessionId":"657474","runId":"pre-fix","hypothesisId":"H1","location":"ScanController::ingest:entry","message":"ingest request accepted","data":{"scan_id":"scan_1777238735217_6_4","action":"receive","queue_connection":"database"},"timestamp":1777238767042}
{"sessionId":"657474","runId":"pre-fix","hypothesisId":"H2","location":"ScanController::ingest:afterService","message":"service result generated","data":{"success":true,"status":201,"error_code":null},"timestamp":1777238767110}
{"sessionId":"657474","runId":"pre-fix","hypothesisId":"H3","location":"ScanController::ingest:beforeDispatch","message":"dispatching ProcessScanJob","data":{"stats_date":"2026-04-26"},"timestamp":1777238767110}
{"sessionId":"657474","runId":"pre-fix","hypothesisId":"H3","location":"ScanController::ingest:afterDispatch","message":"ProcessScanJob dispatched successfully","data":[],"timestamp":1777238767152}
{"sessionId":"657474","runId":"pre-fix","hypothesisId":"H1","location":"ScanController::ingest:entry","message":"ingest request accepted","data":{"scan_id":"scan_1777238735217_8_4","action":"receive","queue_connection":"database"},"timestamp":1777238767760}
{"sessionId":"657474","runId":"pre-fix","hypothesisId":"H2","location":"ScanController::ingest:afterService","message":"service result generated","data":{"success":true,"status":201,"error_code":null},"timestamp":1777238767840}
{"sessionId":"657474","runId":"pre-fix","hypothesisId":"H3","location":"ScanController::ingest:beforeDispatch","message":"dispatching ProcessScanJob","data":{"stats_date":"2026-04-26"},"timestamp":1777238767840}
{"sessionId":"657474","runId":"pre-fix","hypothesisId":"H3","location":"ScanController::ingest:afterDispatch","message":"ProcessScanJob dispatched successfully","data":[],"timestamp":1777238767881}
{"sessionId":"657474","runId":"pre-fix","hypothesisId":"H1","location":"ScanController::ingest:entry","message":"ingest request accepted","data":{"scan_id":"scan_1777238735217_9_4","action":"receive","queue_connection":"database"},"timestamp":1777238768315}
{"sessionId":"657474","runId":"pre-fix","hypothesisId":"H2","location":"ScanController::ingest:afterService","message":"service result generated","data":{"success":true,"status":201,"error_code":null},"timestamp":1777238768374}
{"sessionId":"657474","runId":"pre-fix","hypothesisId":"H3","location":"ScanController::ingest:beforeDispatch","message":"dispatching ProcessScanJob","data":{"stats_date":"2026-04-26"},"timestamp":1777238768374}
{"sessionId":"657474","runId":"pre-fix","hypothesisId":"H3","location":"ScanController::ingest:afterDispatch","message":"ProcessScanJob dispatched successfully","data":[],"timestamp":1777238768415}
{"sessionId":"657474","runId":"pre-fix","hypothesisId":"H1","location":"ScanController::ingest:entry","message":"ingest request accepted","data":{"scan_id":"scan_1777238735217_7_4","action":"receive","queue_connection":"database"},"timestamp":1777238768868}
{"sessionId":"657474","runId":"pre-fix","hypothesisId":"H2","location":"ScanController::ingest:afterService","message":"service result generated","data":{"success":true,"status":201,"error_code":null},"timestamp":1777238768976}
{"sessionId":"657474","runId":"pre-fix","hypothesisId":"H3","location":"ScanController::ingest:beforeDispatch","message":"dispatching ProcessScanJob","data":{"stats_date":"2026-04-26"},"timestamp":1777238768976}
{"sessionId":"657474","runId":"pre-fix","hypothesisId":"H3","location":"ScanController::ingest:afterDispatch","message":"ProcessScanJob dispatched successfully","data":[],"timestamp":1777238769027}
{"sessionId":"657474","runId":"pre-fix","hypothesisId":"H1","location":"ScanController::ingest:entry","message":"ingest request accepted","data":{"scan_id":"scan_1777238735217_10_5","action":"receive","queue_connection":"database"},"timestamp":1777238769966}
{"sessionId":"657474","runId":"pre-fix","hypothesisId":"H2","location":"ScanController::ingest:afterService","message":"service result generated","data":{"success":true,"status":201,"error_code":null},"timestamp":1777238770083}
{"sessionId":"657474","runId":"pre-fix","hypothesisId":"H3","location":"ScanController::ingest:beforeDispatch","message":"dispatching ProcessScanJob","data":{"stats_date":"2026-04-26"},"timestamp":1777238770084}
{"sessionId":"657474","runId":"pre-fix","hypothesisId":"H3","location":"ScanController::ingest:afterDispatch","message":"ProcessScanJob dispatched successfully","data":[],"timestamp":1777238770127}
{"sessionId":"657474","runId":"pre-fix","hypothesisId":"H1","location":"ScanController::ingest:entry","message":"ingest request accepted","data":{"scan_id":"scan_1777238735214_4_5","action":"receive","queue_connection":"database"},"timestamp":1777238770606}
{"sessionId":"657474","runId":"pre-fix","hypothesisId":"H2","location":"ScanController::ingest:afterService","message":"service result generated","data":{"success":true,"status":201,"error_code":null},"timestamp":1777238770661}
{"sessionId":"657474","runId":"pre-fix","hypothesisId":"H3","location":"ScanController::ingest:beforeDispatch","message":"dispatching ProcessScanJob","data":{"stats_date":"2026-04-26"},"timestamp":1777238770661}
{"sessionId":"657474","runId":"pre-fix","hypothesisId":"H3","location":"ScanController::ingest:afterDispatch","message":"ProcessScanJob dispatched successfully","data":[],"timestamp":1777238770695}
{"sessionId":"657474","runId":"pre-fix","hypothesisId":"H1","location":"ScanController::ingest:entry","message":"ingest request accepted","data":{"scan_id":"scan_1777238735199_1_5","action":"receive","queue_connection":"database"},"timestamp":1777238771131}
{"sessionId":"657474","runId":"pre-fix","hypothesisId":"H2","location":"ScanController::ingest:afterService","message":"service result generated","data":{"success":true,"status":201,"error_code":null},"timestamp":1777238771206}
{"sessionId":"657474","runId":"pre-fix","hypothesisId":"H3","location":"ScanController::ingest:beforeDispatch","message":"dispatching ProcessScanJob","data":{"stats_date":"2026-04-26"},"timestamp":1777238771206}
{"sessionId":"657474","runId":"pre-fix","hypothesisId":"H3","location":"ScanController::ingest:afterDispatch","message":"ProcessScanJob dispatched successfully","data":[],"timestamp":1777238771238}
{"sessionId":"657474","runId":"pre-fix","hypothesisId":"H1","location":"ScanController::ingest:entry","message":"ingest request accepted","data":{"scan_id":"scan_1777238735217_5_5","action":"receive","queue_connection":"database"},"timestamp":1777238771670}
{"sessionId":"657474","runId":"pre-fix","hypothesisId":"H2","location":"ScanController::ingest:afterService","message":"service result generated","data":{"success":true,"status":201,"error_code":null},"timestamp":1777238771750}
{"sessionId":"657474","runId":"pre-fix","hypothesisId":"H3","location":"ScanController::ingest:beforeDispatch","message":"dispatching ProcessScanJob","data":{"stats_date":"2026-04-26"},"timestamp":1777238771750}
{"sessionId":"657474","runId":"pre-fix","hypothesisId":"H3","location":"ScanController::ingest:afterDispatch","message":"ProcessScanJob dispatched successfully","data":[],"timestamp":1777238771789}
